<?xml version="1.0" encoding="UTF-8"?>
<testsuite name="fastcampus.redis.cluster.SimpleTest" tests="1" skipped="0" failures="0" errors="0" timestamp="2023-04-02T12:03:09" hostname="ByunghakNohui-MacBookAir.local" time="0.596">
  <properties/>
  <testcase name="getValues()" classname="fastcampus.redis.cluster.SimpleTest" time="0.596"/>
  <system-out><![CDATA[21:03:08.056 [Test worker] DEBUG org.springframework.boot.test.context.SpringBootTestContextBootstrapper -- Neither @ContextConfiguration nor @ContextHierarchy found for test class [SimpleTest]: using SpringBootContextLoader
21:03:08.059 [Test worker] DEBUG org.springframework.test.context.support.AbstractContextLoader -- Could not detect default resource locations for test class [fastcampus.redis.cluster.SimpleTest]: no resource found for suffixes {-context.xml, Context.groovy}.
21:03:08.059 [Test worker] INFO org.springframework.test.context.support.AnnotationConfigContextLoaderUtils -- Could not detect default configuration classes for test class [fastcampus.redis.cluster.SimpleTest]: SimpleTest does not declare any static, non-private, non-final, nested classes annotated with @Configuration.
21:03:08.071 [Test worker] DEBUG org.springframework.boot.test.context.SpringBootTestContextBootstrapper -- Using ContextCustomizers for test class [SimpleTest]: [DisableObservabilityContextCustomizer, PropertyMappingContextCustomizer, Customizer, ExcludeFilterContextCustomizer, DuplicateJsonObjectContextCustomizer, MockitoContextCustomizer, TestRestTemplateContextCustomizer]
21:03:08.102 [Test worker] DEBUG org.springframework.context.annotation.ClassPathScanningCandidateComponentProvider -- Identified candidate component class: file [/Users/byungwoonoh/fastcampus-redis/cluster/build/classes/java/main/fastcampus/redis/cluster/ClusterApplication.class]
21:03:08.103 [Test worker] INFO org.springframework.boot.test.context.SpringBootTestContextBootstrapper -- Found @SpringBootConfiguration fastcampus.redis.cluster.ClusterApplication for test class fastcampus.redis.cluster.SimpleTest
21:03:08.144 [Test worker] DEBUG org.springframework.boot.test.context.SpringBootTestContextBootstrapper -- Using TestExecutionListeners for test class [SimpleTest]: [ServletTestExecutionListener, DirtiesContextBeforeModesTestExecutionListener, ApplicationEventsTestExecutionListener, MockitoTestExecutionListener, DependencyInjectionTestExecutionListener, DirtiesContextTestExecutionListener, TransactionalTestExecutionListener, SqlScriptsTestExecutionListener, EventPublishingTestExecutionListener, RestDocsTestExecutionListener, MockRestServiceServerResetTestExecutionListener, MockMvcPrintOnlyOnFailureTestExecutionListener, WebDriverTestExecutionListener, MockWebServiceServerTestExecutionListener, ResetMocksTestExecutionListener]
21:03:08.144 [Test worker] DEBUG org.springframework.test.context.support.AbstractDirtiesContextTestExecutionListener -- Before test class: class [SimpleTest], class annotated with @DirtiesContext [false] with mode [null]

  .   ____          _            __ _ _
 /\\ / ___'_ __ _ _(_)_ __  __ _ \ \ \ \
( ( )\___ | '_ | '_| | '_ \/ _` | \ \ \ \
 \\/  ___)| |_)| | | | | || (_| |  ) ) ) )
  '  |____| .__|_| |_|_| |_\__, | / / / /
 =========|_|==============|___/=/_/_/_/
 :: Spring Boot ::       (v3.1.0-SNAPSHOT)

2023-04-02T21:03:08.273+09:00  INFO 2976 --- [    Test worker] fastcampus.redis.cluster.SimpleTest      : Starting SimpleTest using Java 18.0.2 with PID 2976 (started by byungwoonoh in /Users/byungwoonoh/fastcampus-redis/cluster)
2023-04-02T21:03:08.274+09:00  INFO 2976 --- [    Test worker] fastcampus.redis.cluster.SimpleTest      : No active profile set, falling back to 1 default profile: "default"
2023-04-02T21:03:08.510+09:00  INFO 2976 --- [    Test worker] .s.d.r.c.RepositoryConfigurationDelegate : Multiple Spring Data modules found, entering strict repository configuration mode
2023-04-02T21:03:08.511+09:00  INFO 2976 --- [    Test worker] .s.d.r.c.RepositoryConfigurationDelegate : Bootstrapping Spring Data Redis repositories in DEFAULT mode.
2023-04-02T21:03:08.524+09:00  INFO 2976 --- [    Test worker] .s.d.r.c.RepositoryConfigurationDelegate : Finished Spring Data repository scanning in 5 ms. Found 0 Redis repository interfaces.
2023-04-02T21:03:09.002+09:00  INFO 2976 --- [    Test worker] fastcampus.redis.cluster.SimpleTest      : Started SimpleTest in 0.841 seconds (process running for 1.304)
]]></system-out>
  <system-err><![CDATA[]]></system-err>
</testsuite>
