<?xml version="1.0" encoding="UTF-8"?>
<testsuite name="pubsub.chat.ChatApplicationTests" tests="1" skipped="0" failures="0" errors="0" timestamp="2023-04-07T15:06:50" hostname="ByunghakNohui-MacBookAir.local" time="0.165">
  <properties/>
  <testcase name="contextLoads()" classname="pubsub.chat.ChatApplicationTests" time="0.165"/>
  <system-out><![CDATA[00:06:49.330 [Test worker] DEBUG org.springframework.test.context.BootstrapUtils - Instantiating CacheAwareContextLoaderDelegate from class [org.springframework.test.context.cache.DefaultCacheAwareContextLoaderDelegate]
00:06:49.335 [Test worker] DEBUG org.springframework.test.context.BootstrapUtils - Instantiating BootstrapContext using constructor [public org.springframework.test.context.support.DefaultBootstrapContext(java.lang.Class,org.springframework.test.context.CacheAwareContextLoaderDelegate)]
00:06:49.348 [Test worker] DEBUG org.springframework.test.context.BootstrapUtils - Instantiating TestContextBootstrapper for test class [pubsub.chat.ChatApplicationTests] from class [org.springframework.boot.test.context.SpringBootTestContextBootstrapper]
00:06:49.352 [Test worker] INFO org.springframework.boot.test.context.SpringBootTestContextBootstrapper - Neither @ContextConfiguration nor @ContextHierarchy found for test class [pubsub.chat.ChatApplicationTests], using SpringBootContextLoader
00:06:49.353 [Test worker] DEBUG org.springframework.test.context.support.AbstractContextLoader - Did not detect default resource location for test class [pubsub.chat.ChatApplicationTests]: class path resource [pubsub/chat/ChatApplicationTests-context.xml] does not exist
00:06:49.353 [Test worker] DEBUG org.springframework.test.context.support.AbstractContextLoader - Did not detect default resource location for test class [pubsub.chat.ChatApplicationTests]: class path resource [pubsub/chat/ChatApplicationTestsContext.groovy] does not exist
00:06:49.353 [Test worker] INFO org.springframework.test.context.support.AbstractContextLoader - Could not detect default resource locations for test class [pubsub.chat.ChatApplicationTests]: no resource found for suffixes {-context.xml, Context.groovy}.
00:06:49.353 [Test worker] INFO org.springframework.test.context.support.AnnotationConfigContextLoaderUtils - Could not detect default configuration classes for test class [pubsub.chat.ChatApplicationTests]: ChatApplicationTests does not declare any static, non-private, non-final, nested classes annotated with @Configuration.
00:06:49.369 [Test worker] DEBUG org.springframework.test.context.support.ActiveProfilesUtils - Could not find an 'annotation declaring class' for annotation type [org.springframework.test.context.ActiveProfiles] and class [pubsub.chat.ChatApplicationTests]
00:06:49.390 [Test worker] DEBUG org.springframework.context.annotation.ClassPathScanningCandidateComponentProvider - Identified candidate component class: file [/Users/byungwoonoh/fastcampus-redis/redis-pubsubPattern/chat/build/classes/java/main/pubsub/chat/ChatApplication.class]
00:06:49.393 [Test worker] INFO org.springframework.boot.test.context.SpringBootTestContextBootstrapper - Found @SpringBootConfiguration pubsub.chat.ChatApplication for test class pubsub.chat.ChatApplicationTests
00:06:49.423 [Test worker] DEBUG org.springframework.boot.test.context.SpringBootTestContextBootstrapper - @TestExecutionListeners is not present for class [pubsub.chat.ChatApplicationTests]: using defaults.
00:06:49.424 [Test worker] INFO org.springframework.boot.test.context.SpringBootTestContextBootstrapper - Loaded default TestExecutionListener class names from location [META-INF/spring.factories]: [org.springframework.boot.test.autoconfigure.restdocs.RestDocsTestExecutionListener, org.springframework.boot.test.autoconfigure.web.client.MockRestServiceServerResetTestExecutionListener, org.springframework.boot.test.autoconfigure.web.servlet.MockMvcPrintOnlyOnFailureTestExecutionListener, org.springframework.boot.test.autoconfigure.web.servlet.WebDriverTestExecutionListener, org.springframework.boot.test.autoconfigure.webservices.client.MockWebServiceServerTestExecutionListener, org.springframework.boot.test.mock.mockito.MockitoTestExecutionListener, org.springframework.boot.test.mock.mockito.ResetMocksTestExecutionListener, org.springframework.test.context.web.ServletTestExecutionListener, org.springframework.test.context.support.DirtiesContextBeforeModesTestExecutionListener, org.springframework.test.context.event.ApplicationEventsTestExecutionListener, org.springframework.test.context.support.DependencyInjectionTestExecutionListener, org.springframework.test.context.support.DirtiesContextTestExecutionListener, org.springframework.test.context.transaction.TransactionalTestExecutionListener, org.springframework.test.context.jdbc.SqlScriptsTestExecutionListener, org.springframework.test.context.event.EventPublishingTestExecutionListener]
00:06:49.430 [Test worker] INFO org.springframework.boot.test.context.SpringBootTestContextBootstrapper - Using TestExecutionListeners: [org.springframework.test.context.web.ServletTestExecutionListener@7446d8d5, org.springframework.test.context.support.DirtiesContextBeforeModesTestExecutionListener@5c3b6c6e, org.springframework.test.context.event.ApplicationEventsTestExecutionListener@4fbda97b, org.springframework.boot.test.mock.mockito.MockitoTestExecutionListener@75f5fd58, org.springframework.boot.test.autoconfigure.SpringBootDependencyInjectionTestExecutionListener@37b70343, org.springframework.test.context.support.DirtiesContextTestExecutionListener@306851c7, org.springframework.test.context.transaction.TransactionalTestExecutionListener@12bcd0c0, org.springframework.test.context.jdbc.SqlScriptsTestExecutionListener@4879f0f2, org.springframework.test.context.event.EventPublishingTestExecutionListener@47db5fa5, org.springframework.boot.test.autoconfigure.restdocs.RestDocsTestExecutionListener@354fc8f0, org.springframework.boot.test.autoconfigure.web.client.MockRestServiceServerResetTestExecutionListener@41813449, org.springframework.boot.test.autoconfigure.web.servlet.MockMvcPrintOnlyOnFailureTestExecutionListener@4678a2eb, org.springframework.boot.test.autoconfigure.web.servlet.WebDriverTestExecutionListener@5b43fbf6, org.springframework.boot.test.autoconfigure.webservices.client.MockWebServiceServerTestExecutionListener@1080b026, org.springframework.boot.test.mock.mockito.ResetMocksTestExecutionListener@58ebfd03]
00:06:49.432 [Test worker] DEBUG org.springframework.test.context.support.AbstractDirtiesContextTestExecutionListener - Before test class: context [DefaultTestContext@192d74fb testClass = ChatApplicationTests, testInstance = [null], testMethod = [null], testException = [null], mergedContextConfiguration = [WebMergedContextConfiguration@4bef0fe3 testClass = ChatApplicationTests, locations = '{}', classes = '{class pubsub.chat.ChatApplication}', contextInitializerClasses = '[]', activeProfiles = '{}', propertySourceLocations = '{}', propertySourceProperties = '{org.springframework.boot.test.context.SpringBootTestContextBootstrapper=true}', contextCustomizers = set[org.springframework.boot.test.autoconfigure.actuate.metrics.MetricsExportContextCustomizerFactory$DisableMetricExportContextCustomizer@82ea68c, org.springframework.boot.test.autoconfigure.properties.PropertyMappingContextCustomizer@0, org.springframework.boot.test.autoconfigure.web.servlet.WebDriverContextCustomizerFactory$Customizer@345f69f3, org.springframework.boot.test.context.filter.ExcludeFilterContextCustomizer@71e9ebae, org.springframework.boot.test.json.DuplicateJsonObjectContextCustomizerFactory$DuplicateJsonObjectContextCustomizer@42530531, org.springframework.boot.test.mock.mockito.MockitoContextCustomizer@0, org.springframework.boot.test.web.client.TestRestTemplateContextCustomizer@1b75c2e3, org.springframework.boot.test.context.SpringBootTestArgs@1, org.springframework.boot.test.context.SpringBootTestWebEnvironment@58a9760d], resourceBasePath = 'src/main/webapp', contextLoader = 'org.springframework.boot.test.context.SpringBootContextLoader', parent = [null]], attributes = map['org.springframework.test.context.web.ServletTestExecutionListener.activateListener' -> true]], class annotated with @DirtiesContext [false] with mode [null].

  .   ____          _            __ _ _
 /\\ / ___'_ __ _ _(_)_ __  __ _ \ \ \ \
( ( )\___ | '_ | '_| | '_ \/ _` | \ \ \ \
 \\/  ___)| |_)| | | | | || (_| |  ) ) ) )
  '  |____| .__|_| |_|_| |_\__, | / / / /
 =========|_|==============|___/=/_/_/_/
 :: Spring Boot ::      (v2.7.11-SNAPSHOT)

2023-04-08 00:06:49.570  INFO 21146 --- [    Test worker] pubsub.chat.ChatApplicationTests         : Starting ChatApplicationTests using Java 18.0.2 on ByunghakNohui-MacBookAir.local with PID 21146 (started by byungwoonoh in /Users/byungwoonoh/fastcampus-redis/redis-pubsubPattern/chat)
2023-04-08 00:06:49.570  INFO 21146 --- [    Test worker] pubsub.chat.ChatApplicationTests         : No active profile set, falling back to 1 default profile: "default"
2023-04-08 00:06:49.778  INFO 21146 --- [    Test worker] .s.d.r.c.RepositoryConfigurationDelegate : Multiple Spring Data modules found, entering strict repository configuration mode
2023-04-08 00:06:49.779  INFO 21146 --- [    Test worker] .s.d.r.c.RepositoryConfigurationDelegate : Bootstrapping Spring Data Redis repositories in DEFAULT mode.
2023-04-08 00:06:49.786  INFO 21146 --- [    Test worker] .s.d.r.c.RepositoryConfigurationDelegate : Finished Spring Data repository scanning in 2 ms. Found 0 Redis repository interfaces.
2023-04-08 00:06:50.347  INFO 21146 --- [    Test worker] pubsub.chat.ChatApplicationTests         : Started ChatApplicationTests in 0.899 seconds (JVM running for 1.319)
Application Started ......
]]></system-out>
  <system-err><![CDATA[]]></system-err>
</testsuite>
